Build started 5/26/2015 12:05:12 PM.
     1>Project "C:\Users\jake.CUTTING\Documents\GitHub\EQTrainer\injectdll2\injectdll2\injectdll2.vcxproj" on node 2 (build target(s)).
     1>InitializeBuildStatus:
         Creating "Release\inject.unsuccessfulbuild" because "AlwaysCreate" was specified.
       ClCompile:
         c:\Program Files (x86)\Microsoft Visual Studio 10.0\VC\bin\CL.exe /c /Zi /nologo /W3 /WX- /O2 /Oi /Oy- /GL /D WIN32 /D NDEBUG /D _WINDOWS /D _USRDLL /D INJECTDLL2_EXPORTS /D _WINDLL /D _UNICODE /D UNICODE /Gm- /EHsc /MD /GS /Gy /fp:precise /Zc:wchar_t /Zc:forScope /Fo"Release\\" /Fd"Release\vc100.pdb" /Gd /TP /analyze- /errorReport:prompt inject.cpp
         inject.cpp
       Link:
         c:\Program Files (x86)\Microsoft Visual Studio 10.0\VC\bin\link.exe /ERRORREPORT:PROMPT /OUT:"..\..\EQTrainer\bin\Release\inject.dll" /INCREMENTAL:NO /NOLOGO kernel32.lib user32.lib gdi32.lib winspool.lib comdlg32.lib advapi32.lib shell32.lib ole32.lib oleaut32.lib uuid.lib odbc32.lib odbccp32.lib /MANIFEST /ManifestFile:"Release\inject.dll.intermediate.manifest" /MANIFESTUAC:"level='asInvoker' uiAccess='false'" /DEBUG /PDB:"C:\Users\jake.CUTTING\Documents\GitHub\EQTrainer\EQTrainer\bin\Release\inject.pdb" /SUBSYSTEM:WINDOWS /OPT:REF /OPT:ICF /LTCG /TLBID:1 /DYNAMICBASE /NXCOMPAT /IMPLIB:"..\..\EQTrainer\bin\Release\inject.lib" /MACHINE:X86 /DLL Release\inject.obj
         Generating code
         Finished generating code
         injectdll2.vcxproj -> C:\Users\jake.CUTTING\Documents\GitHub\EQTrainer\injectdll2\injectdll2\..\..\EQTrainer\bin\Release\inject.dll
       Manifest:
         C:\Program Files (x86)\Microsoft SDKs\Windows\v7.0A\bin\mt.exe /nologo /verbose /outputresource:"..\..\EQTrainer\bin\Release\inject.dll;#2" /manifest Release\inject.dll.intermediate.manifest
       FinalizeBuildStatus:
         Deleting file "Release\inject.unsuccessfulbuild".
         Touching "Release\inject.lastbuildstate".
     1>Done Building Project "C:\Users\jake.CUTTING\Documents\GitHub\EQTrainer\injectdll2\injectdll2\injectdll2.vcxproj" (build target(s)).

Build succeeded.

Time Elapsed 00:00:01.12
